c:\users\jacob.ellenberg\desktop\new folder\gamephysics\physicsproject\physicsproject\debug\vc120.pdb
c:\users\jacob.ellenberg\desktop\new folder\gamephysics\physicsproject\physicsproject\debug\vc120.idb
c:\users\jacob.ellenberg\desktop\new folder\gamephysics\physicsproject\physicsproject\debug\camera.obj
c:\users\jacob.ellenberg\desktop\new folder\gamephysics\physicsproject\physicsproject\debug\firework.obj
c:\users\jacob.ellenberg\desktop\new folder\gamephysics\physicsproject\physicsproject\debug\fireworklauncher.obj
c:\users\jacob.ellenberg\desktop\new folder\gamephysics\physicsproject\physicsproject\debug\forcegenerator.obj
c:\users\jacob.ellenberg\desktop\new folder\gamephysics\physicsproject\physicsproject\debug\gameapp.obj
c:\users\jacob.ellenberg\desktop\new folder\gamephysics\physicsproject\physicsproject\debug\generator.obj
c:\users\jacob.ellenberg\desktop\new folder\gamephysics\physicsproject\physicsproject\debug\gluttime.obj
c:\users\jacob.ellenberg\desktop\new folder\gamephysics\physicsproject\physicsproject\debug\gravitygenerator.obj
c:\users\jacob.ellenberg\desktop\new folder\gamephysics\physicsproject\physicsproject\debug\main.obj
c:\users\jacob.ellenberg\desktop\new folder\gamephysics\physicsproject\physicsproject\debug\matrix.obj
c:\users\jacob.ellenberg\desktop\new folder\gamephysics\physicsproject\physicsproject\debug\objectforcegenerator.obj
c:\users\jacob.ellenberg\desktop\new folder\gamephysics\physicsproject\physicsproject\debug\particle.obj
c:\users\jacob.ellenberg\desktop\new folder\gamephysics\physicsproject\physicsproject\debug\physicsobject.obj
c:\users\jacob.ellenberg\desktop\new folder\gamephysics\physicsproject\physicsproject\debug\editorstate.obj
c:\users\jacob.ellenberg\desktop\new folder\gamephysics\physicsproject\physicsproject\debug\physicsobjectforceregistry.obj
c:\users\jacob.ellenberg\desktop\new folder\gamephysics\physicsproject\physicsproject\debug\physicsobjectsystem.obj
c:\users\jacob.ellenberg\desktop\new folder\gamephysics\physicsproject\physicsproject\debug\planet.obj
c:\users\jacob.ellenberg\desktop\new folder\gamephysics\physicsproject\physicsproject\debug\planetsystem.obj
c:\users\jacob.ellenberg\desktop\new folder\gamephysics\physicsproject\physicsproject\debug\vector3d.obj
c:\users\jacob.ellenberg\desktop\new folder\gamephysics\physicsproject\debug\physicsproject.ilk
c:\users\jacob.ellenberg\desktop\new folder\gamephysics\physicsproject\debug\physicsproject.exe
c:\users\jacob.ellenberg\desktop\new folder\gamephysics\physicsproject\debug\physicsproject.pdb
c:\users\jacob.ellenberg\desktop\new folder\gamephysics\physicsproject\physicsproject\debug\physicsproject.tlog\cl.command.1.tlog
c:\users\jacob.ellenberg\desktop\new folder\gamephysics\physicsproject\physicsproject\debug\physicsproject.tlog\cl.read.1.tlog
c:\users\jacob.ellenberg\desktop\new folder\gamephysics\physicsproject\physicsproject\debug\physicsproject.tlog\cl.write.1.tlog
c:\users\jacob.ellenberg\desktop\new folder\gamephysics\physicsproject\physicsproject\debug\physicsproject.tlog\link.command.1.tlog
c:\users\jacob.ellenberg\desktop\new folder\gamephysics\physicsproject\physicsproject\debug\physicsproject.tlog\link.read.1.tlog
c:\users\jacob.ellenberg\desktop\new folder\gamephysics\physicsproject\physicsproject\debug\physicsproject.tlog\link.write.1.tlog
