Build started 2/14/2015 2:58:47 PM.
     1>Project "C:\Users\jacob.ellenberg\Desktop\Physics\GamePhysics\PhysicsProject\PhysicsProject\PhysicsProject.vcxproj" on node 2 (Build target(s)).
     1>ClCompile:
         C:\Program Files (x86)\Microsoft Visual Studio 12.0\VC\bin\CL.exe /c /IC:\Users\jacob.ellenberg\Desktop\Physics\GamePhysics\PhysicsProject\packages\nupengl.core.0.0.0.1\build\native\../..//build/native/include/ /Zi /nologo /W3 /WX- /sdl /O2 /Oi /Oy- /GL /D _MBCS /Gm- /EHsc /MD /GS /Gy /fp:precise /Zc:wchar_t /Zc:forScope /Fo"Release\\" /Fd"Release\vc120.pdb" /Gd /TP /analyze- /errorReport:prompt Camera.cpp Firework.cpp FireworkLauncher.cpp ForceGenerator.cpp GameApp.cpp Generator.cpp GlutTime.cpp GravityGenerator.cpp Main.cpp Matrix.cpp ObjectForceGenerator.cpp Particle.cpp PhysicsObject.cpp EditorState.cpp PhysicsObjectForceRegistry.cpp PhysicsObjectSystem.cpp Planet.cpp PlanetSystem.cpp Vector3D.cpp
         Camera.cpp
         Firework.cpp
         FireworkLauncher.cpp
         ForceGenerator.cpp
         GameApp.cpp
         Generator.cpp
         GlutTime.cpp
         GravityGenerator.cpp
         Main.cpp
     1>Main.cpp(12): fatal error C1083: Cannot open include file: 'GL/glui.h': No such file or directory
         Matrix.cpp
         ObjectForceGenerator.cpp
         Particle.cpp
         PhysicsObject.cpp
         EditorState.cpp
         PhysicsObjectForceRegistry.cpp
         PhysicsObjectSystem.cpp
         Planet.cpp
     1>Planet.cpp(8): fatal error C1083: Cannot open include file: 'SOIL.h': No such file or directory
         PlanetSystem.cpp
         Vector3D.cpp
     1>Done Building Project "C:\Users\jacob.ellenberg\Desktop\Physics\GamePhysics\PhysicsProject\PhysicsProject\PhysicsProject.vcxproj" (Build target(s)) -- FAILED.

Build FAILED.

Time Elapsed 00:00:06.86
